[19:24:16] [ServerMain/INFO]: Environment: Environment[sessionHost=https://sessionserver.mojang.com, servicesHost=https://api.minecraftservices.com, name=PROD]
[19:24:17] [ServerMain/INFO]: No existing world data, creating new world
[19:24:18] [ServerMain/INFO]: Loaded 1373 recipes
[19:24:18] [ServerMain/INFO]: Loaded 1484 advancements
[19:24:18] [Server thread/INFO]: Starting minecraft server version 1.21.5
[19:24:18] [Server thread/INFO]: Loading properties
[19:24:18] [Server thread/INFO]: Default game type: SURVIVAL
[19:24:18] [Server thread/INFO]: Generating keypair
[19:24:18] [Server thread/INFO]: Starting Minecraft server on *:25565
[19:24:18] [Server thread/INFO]: Using epoll channel type
[19:24:18] [Server thread/WARN]: **** SERVER IS RUNNING IN OFFLINE/INSECURE MODE!
[19:24:18] [Server thread/WARN]: The server will make no attempt to authenticate usernames. Beware.
[19:24:18] [Server thread/WARN]: While this makes the game possible to play without internet access, it also opens up the ability for hackers to connect with any username they choose.
[19:24:18] [Server thread/WARN]: To change this, set "online-mode" to "true" in the server.properties file.
[19:24:18] [Server thread/INFO]: Preparing level "world"
[19:24:24] [Server thread/INFO]: Preparing start region for dimension minecraft:overworld
[19:24:24] [Worker-Main-2/INFO]: Preparing spawn area: 2%
[19:24:25] [Worker-Main-1/INFO]: Preparing spawn area: 2%
[19:24:25] [Worker-Main-3/INFO]: Preparing spawn area: 2%
[19:24:26] [Worker-Main-3/INFO]: Preparing spawn area: 2%
[19:24:26] [Worker-Main-1/INFO]: Preparing spawn area: 18%
[19:24:27] [Worker-Main-2/INFO]: Preparing spawn area: 18%
[19:24:27] [Worker-Main-1/INFO]: Preparing spawn area: 18%
[19:24:28] [Worker-Main-1/INFO]: Preparing spawn area: 51%
[19:24:28] [Worker-Main-2/INFO]: Preparing spawn area: 51%
[19:24:29] [Worker-Main-1/INFO]: Preparing spawn area: 51%
[19:24:29] [Server thread/INFO]: Time elapsed: 4742 ms
[19:24:29] [Server thread/INFO]: Done (11.077s)! For help, type "help"
[19:24:29] [Server thread/INFO]: Unknown or incomplete command, see below for error
[19:24:29] [Server thread/INFO]: home/codespace/.python/current/bin/python3 /workspaces/Trabajos22/msx.py<--[HERE]
[19:25:29] [Server thread/INFO]: Server empty for 60 seconds, pausing
[19:25:55] [Server thread/INFO]: [Not Secure] [Server] hola
